Started GET "/" for 127.0.0.1 at 2025-01-07 15:15:04 +0000
  [1m[35m (30.1ms)[0m  [1m[35mCREATE TABLE "schema_migrations" ("version" varchar NOT NULL PRIMARY KEY)[0m
  [1m[35m (0.2ms)[0m  [1m[35mCREATE TABLE "ar_internal_metadata" ("key" varchar NOT NULL PRIMARY KEY, "value" varchar, "created_at" datetime(6) NOT NULL, "updated_at" datetime(6) NOT NULL)[0m
  [1m[36mActiveRecord::SchemaMigration Load (0.1ms)[0m  [1m[34mSELECT "schema_migrations"."version" FROM "schema_migrations" ORDER BY "schema_migrations"."version" ASC[0m
Processing by Rails::WelcomeController#index as HTML
  Rendering /home/laurapg1214/.rbenv/versions/3.2.0/lib/ruby/gems/3.2.0/gems/railties-7.2.2.1/lib/rails/templates/rails/welcome/index.html.erb
  Rendered /home/laurapg1214/.rbenv/versions/3.2.0/lib/ruby/gems/3.2.0/gems/railties-7.2.2.1/lib/rails/templates/rails/welcome/index.html.erb (Duration: 0.7ms | GC: 0.0ms)
Completed 200 OK in 20ms (Views: 6.4ms | ActiveRecord: 0.0ms (0 queries, 0 cached) | GC: 0.9ms)


  [1m[36mActiveRecord::InternalMetadata Load (0.6ms)[0m  [1m[34mSELECT * FROM "ar_internal_metadata" WHERE "ar_internal_metadata"."key" = ? ORDER BY "ar_internal_metadata"."key" ASC LIMIT 1[0m  [[nil, "environment"]]
  [1m[36mActiveRecord::InternalMetadata Create (6.2ms)[0m  [1m[32mINSERT INTO "ar_internal_metadata" ("key", "value", "created_at", "updated_at") VALUES ('environment', 'development', '2025-01-13 17:05:50.656189', '2025-01-13 17:05:50.656192') RETURNING "key"[0m
  [1m[36mActiveRecord::SchemaMigration Load (0.1ms)[0m  [1m[34mSELECT "schema_migrations"."version" FROM "schema_migrations" ORDER BY "schema_migrations"."version" ASC[0m
Migrating to CreateEvents (20250113170401)
  [1m[36mTRANSACTION (0.0ms)[0m  [1m[36mbegin transaction[0m
  [1m[35m (0.7ms)[0m  [1m[35mCREATE TABLE "events" ("id" integer PRIMARY KEY AUTOINCREMENT NOT NULL, "created_at" datetime(6) NOT NULL, "updated_at" datetime(6) NOT NULL)[0m
  [1m[36mActiveRecord::SchemaMigration Create (0.1ms)[0m  [1m[32mINSERT INTO "schema_migrations" ("version") VALUES ('20250113170401') RETURNING "version"[0m
  [1m[36mTRANSACTION (0.1ms)[0m  [1m[36mcommit transaction[0m
Migrating to CreateQuestions (20250113170408)
  [1m[36mTRANSACTION (0.0ms)[0m  [1m[36mbegin transaction[0m
  [1m[35m (0.6ms)[0m  [1m[35mCREATE TABLE "questions" ("id" integer PRIMARY KEY AUTOINCREMENT NOT NULL, "created_at" datetime(6) NOT NULL, "updated_at" datetime(6) NOT NULL)[0m
  [1m[36mActiveRecord::SchemaMigration Create (0.1ms)[0m  [1m[32mINSERT INTO "schema_migrations" ("version") VALUES ('20250113170408') RETURNING "version"[0m
  [1m[36mTRANSACTION (0.1ms)[0m  [1m[36mcommit transaction[0m
Migrating to CreateResponses (20250113170422)
  [1m[36mTRANSACTION (0.0ms)[0m  [1m[36mbegin transaction[0m
  [1m[35m (0.7ms)[0m  [1m[35mCREATE TABLE "responses" ("id" integer PRIMARY KEY AUTOINCREMENT NOT NULL, "created_at" datetime(6) NOT NULL, "updated_at" datetime(6) NOT NULL)[0m
  [1m[36mActiveRecord::SchemaMigration Create (0.1ms)[0m  [1m[32mINSERT INTO "schema_migrations" ("version") VALUES ('20250113170422') RETURNING "version"[0m
  [1m[36mTRANSACTION (0.1ms)[0m  [1m[36mcommit transaction[0m
Migrating to CreateUsers (20250113170536)
  [1m[36mTRANSACTION (0.0ms)[0m  [1m[36mbegin transaction[0m
  [1m[35m (0.7ms)[0m  [1m[35mCREATE TABLE "users" ("id" integer PRIMARY KEY AUTOINCREMENT NOT NULL, "created_at" datetime(6) NOT NULL, "updated_at" datetime(6) NOT NULL)[0m
  [1m[36mActiveRecord::SchemaMigration Create (0.1ms)[0m  [1m[32mINSERT INTO "schema_migrations" ("version") VALUES ('20250113170536') RETURNING "version"[0m
  [1m[36mTRANSACTION (0.1ms)[0m  [1m[36mcommit transaction[0m
  [1m[36mActiveRecord::SchemaMigration Load (0.1ms)[0m  [1m[34mSELECT "schema_migrations"."version" FROM "schema_migrations" ORDER BY "schema_migrations"."version" ASC[0m
  [1m[36mActiveRecord::SchemaMigration Load (0.1ms)[0m  [1m[34mSELECT "schema_migrations"."version" FROM "schema_migrations" ORDER BY "schema_migrations"."version" ASC[0m
  [1m[36mActiveRecord::SchemaMigration Load (0.1ms)[0m  [1m[34mSELECT "schema_migrations"."version" FROM "schema_migrations" ORDER BY "schema_migrations"."version" ASC[0m
  [1m[36mActiveRecord::InternalMetadata Load (0.7ms)[0m  [1m[34mSELECT * FROM "ar_internal_metadata" WHERE "ar_internal_metadata"."key" = ? ORDER BY "ar_internal_metadata"."key" ASC LIMIT 1[0m  [[nil, "environment"]]
  [1m[36mActiveRecord::SchemaMigration Load (0.1ms)[0m  [1m[34mSELECT "schema_migrations"."version" FROM "schema_migrations" ORDER BY "schema_migrations"."version" ASC[0m
Migrating to AddUuidToUsers (20250121105636)
  [1m[36mTRANSACTION (0.1ms)[0m  [1m[36mbegin transaction[0m
  [1m[35m (0.0ms)[0m  [1m[35mPRAGMA foreign_keys[0m
  [1m[35m (0.0ms)[0m  [1m[35mPRAGMA defer_foreign_keys[0m
  [1m[35m (0.0ms)[0m  [1m[35mPRAGMA defer_foreign_keys = ON[0m
  [1m[35m (0.0ms)[0m  [1m[35mPRAGMA foreign_keys = OFF[0m
  [1m[35m (0.4ms)[0m  [1m[35mCREATE TEMPORARY TABLE "ausers" ("id" integer PRIMARY KEY AUTOINCREMENT NOT NULL, "created_at" datetime(6) NOT NULL, "updated_at" datetime(6) NOT NULL)[0m
  [1m[35m (0.0ms)[0m  [1m[32mINSERT INTO "ausers" ("id","created_at","updated_at")
                     SELECT "id","created_at","updated_at" FROM "users"[0m
  [1m[35m (0.1ms)[0m  [1m[35mDROP TABLE "users"[0m
  [1m[35m (0.1ms)[0m  [1m[35mCREATE TABLE "users" ("id" integer PRIMARY KEY AUTOINCREMENT NOT NULL, "created_at" datetime(6) NOT NULL, "updated_at" datetime(6) NOT NULL, "uuid" varchar NOT NULL)[0m
  [1m[35m (0.0ms)[0m  [1m[32mINSERT INTO "users" ("id","created_at","updated_at")
                     SELECT "id","created_at","updated_at" FROM "ausers"[0m
  [1m[35m (0.1ms)[0m  [1m[35mDROP TABLE "ausers"[0m
  [1m[35m (0.0ms)[0m  [1m[35mPRAGMA defer_foreign_keys = 0[0m
  [1m[35m (0.1ms)[0m  [1m[35mPRAGMA foreign_keys = 1[0m
  [1m[35m (0.1ms)[0m  [1m[35mCREATE UNIQUE INDEX "index_users_on_uuid" ON "users" ("uuid")[0m
  [1m[36mActiveRecord::SchemaMigration Create (0.1ms)[0m  [1m[32mINSERT INTO "schema_migrations" ("version") VALUES ('20250121105636') RETURNING "version"[0m
  [1m[36mTRANSACTION (5.5ms)[0m  [1m[36mcommit transaction[0m
  [1m[36mActiveRecord::SchemaMigration Load (0.1ms)[0m  [1m[34mSELECT "schema_migrations"."version" FROM "schema_migrations" ORDER BY "schema_migrations"."version" ASC[0m
  [1m[36mActiveRecord::InternalMetadata Load (0.1ms)[0m  [1m[34mSELECT * FROM "ar_internal_metadata" WHERE "ar_internal_metadata"."key" = ? ORDER BY "ar_internal_metadata"."key" ASC LIMIT 1[0m  [[nil, "environment"]]
  [1m[36mActiveRecord::SchemaMigration Load (0.1ms)[0m  [1m[34mSELECT "schema_migrations"."version" FROM "schema_migrations" ORDER BY "schema_migrations"."version" ASC[0m
Migrating to AddRoleToUsers (20250121110756)
  [1m[36mTRANSACTION (0.0ms)[0m  [1m[36mbegin transaction[0m
  [1m[35m (1.0ms)[0m  [1m[35mALTER TABLE "users" ADD "role" integer DEFAULT 0 NOT NULL[0m
  [1m[36mActiveRecord::SchemaMigration Create (0.1ms)[0m  [1m[32mINSERT INTO "schema_migrations" ("version") VALUES ('20250121110756') RETURNING "version"[0m
  [1m[36mTRANSACTION (5.6ms)[0m  [1m[36mcommit transaction[0m
  [1m[36mActiveRecord::SchemaMigration Load (0.0ms)[0m  [1m[34mSELECT "schema_migrations"."version" FROM "schema_migrations" ORDER BY "schema_migrations"."version" ASC[0m
  [1m[36mActiveRecord::InternalMetadata Load (0.6ms)[0m  [1m[34mSELECT * FROM "ar_internal_metadata" WHERE "ar_internal_metadata"."key" = ? ORDER BY "ar_internal_metadata"."key" ASC LIMIT 1[0m  [[nil, "environment"]]
  [1m[36mActiveRecord::SchemaMigration Load (0.1ms)[0m  [1m[34mSELECT "schema_migrations"."version" FROM "schema_migrations" ORDER BY "schema_migrations"."version" ASC[0m
Migrating to AddNameToUsers (20250121114231)
  [1m[36mTRANSACTION (0.0ms)[0m  [1m[36mbegin transaction[0m
  [1m[35m (0.9ms)[0m  [1m[35mALTER TABLE "users" ADD "name" varchar[0m
  [1m[36mActiveRecord::SchemaMigration Create (0.1ms)[0m  [1m[32mINSERT INTO "schema_migrations" ("version") VALUES ('20250121114231') RETURNING "version"[0m
  [1m[36mTRANSACTION (4.5ms)[0m  [1m[36mcommit transaction[0m
  [1m[36mActiveRecord::SchemaMigration Load (0.1ms)[0m  [1m[34mSELECT "schema_migrations"."version" FROM "schema_migrations" ORDER BY "schema_migrations"."version" ASC[0m
  [1m[36mActiveRecord::InternalMetadata Load (0.5ms)[0m  [1m[34mSELECT * FROM "ar_internal_metadata" WHERE "ar_internal_metadata"."key" = ? ORDER BY "ar_internal_metadata"."key" ASC LIMIT 1[0m  [[nil, "environment"]]
  [1m[36mActiveRecord::SchemaMigration Load (0.1ms)[0m  [1m[34mSELECT "schema_migrations"."version" FROM "schema_migrations" ORDER BY "schema_migrations"."version" ASC[0m
Migrating to AddTypeToQuestions (20250121135706)
  [1m[36mTRANSACTION (0.0ms)[0m  [1m[36mbegin transaction[0m
  [1m[35m (0.9ms)[0m  [1m[35mALTER TABLE "questions" ADD "type" integer DEFAULT 0 NOT NULL[0m
  [1m[36mActiveRecord::SchemaMigration Create (0.1ms)[0m  [1m[32mINSERT INTO "schema_migrations" ("version") VALUES ('20250121135706') RETURNING "version"[0m
  [1m[36mTRANSACTION (3.7ms)[0m  [1m[36mcommit transaction[0m
  [1m[36mActiveRecord::SchemaMigration Load (0.1ms)[0m  [1m[34mSELECT "schema_migrations"."version" FROM "schema_migrations" ORDER BY "schema_migrations"."version" ASC[0m
  [1m[36mActiveRecord::InternalMetadata Load (0.1ms)[0m  [1m[34mSELECT * FROM "ar_internal_metadata" WHERE "ar_internal_metadata"."key" = ? ORDER BY "ar_internal_metadata"."key" ASC LIMIT 1[0m  [[nil, "environment"]]
  [1m[36mActiveRecord::SchemaMigration Load (0.1ms)[0m  [1m[34mSELECT "schema_migrations"."version" FROM "schema_migrations" ORDER BY "schema_migrations"."version" ASC[0m
Migrating to AddContentToQuestions (20250121140314)
  [1m[36mTRANSACTION (0.2ms)[0m  [1m[36mbegin transaction[0m
  [1m[35m (1.5ms)[0m  [1m[35mALTER TABLE "questions" ADD "content" varchar[0m
  [1m[36mActiveRecord::SchemaMigration Create (0.1ms)[0m  [1m[32mINSERT INTO "schema_migrations" ("version") VALUES ('20250121140314') RETURNING "version"[0m
  [1m[36mTRANSACTION (3.3ms)[0m  [1m[36mcommit transaction[0m
  [1m[36mActiveRecord::SchemaMigration Load (0.0ms)[0m  [1m[34mSELECT "schema_migrations"."version" FROM "schema_migrations" ORDER BY "schema_migrations"."version" ASC[0m
  [1m[36mActiveRecord::InternalMetadata Load (0.1ms)[0m  [1m[34mSELECT * FROM "ar_internal_metadata" WHERE "ar_internal_metadata"."key" = ? ORDER BY "ar_internal_metadata"."key" ASC LIMIT 1[0m  [[nil, "environment"]]
  [1m[36mActiveRecord::SchemaMigration Load (0.1ms)[0m  [1m[34mSELECT "schema_migrations"."version" FROM "schema_migrations" ORDER BY "schema_migrations"."version" ASC[0m
Migrating to ChangeTypeNullConstraintOnQuestions (20250121141031)
  [1m[36mTRANSACTION (0.0ms)[0m  [1m[36mbegin transaction[0m
  [1m[35m (0.0ms)[0m  [1m[35mPRAGMA foreign_keys[0m
  [1m[35m (0.0ms)[0m  [1m[35mPRAGMA defer_foreign_keys[0m
  [1m[35m (0.0ms)[0m  [1m[35mPRAGMA defer_foreign_keys = ON[0m
  [1m[35m (0.0ms)[0m  [1m[35mPRAGMA foreign_keys = OFF[0m
  [1m[35m (0.2ms)[0m  [1m[35mCREATE TEMPORARY TABLE "aquestions" ("id" integer PRIMARY KEY AUTOINCREMENT NOT NULL, "created_at" datetime(6) NOT NULL, "updated_at" datetime(6) NOT NULL, "type" integer DEFAULT 0 NOT NULL, "content" varchar)[0m
  [1m[35m (0.1ms)[0m  [1m[32mINSERT INTO "aquestions" ("id","created_at","updated_at","type","content")
                     SELECT "id","created_at","updated_at","type","content" FROM "questions"[0m
  [1m[35m (0.4ms)[0m  [1m[35mDROP TABLE "questions"[0m
  [1m[35m (0.1ms)[0m  [1m[35mCREATE TABLE "questions" ("id" integer PRIMARY KEY AUTOINCREMENT NOT NULL, "created_at" datetime(6) NOT NULL, "updated_at" datetime(6) NOT NULL, "type" integer DEFAULT 0, "content" varchar)[0m
  [1m[35m (0.1ms)[0m  [1m[32mINSERT INTO "questions" ("id","created_at","updated_at","type","content")
                     SELECT "id","created_at","updated_at","type","content" FROM "aquestions"[0m
  [1m[35m (0.1ms)[0m  [1m[35mDROP TABLE "aquestions"[0m
  [1m[35m (0.0ms)[0m  [1m[35mPRAGMA defer_foreign_keys = 0[0m
  [1m[35m (0.0ms)[0m  [1m[35mPRAGMA foreign_keys = 1[0m
  [1m[36mActiveRecord::SchemaMigration Create (0.1ms)[0m  [1m[32mINSERT INTO "schema_migrations" ("version") VALUES ('20250121141031') RETURNING "version"[0m
  [1m[36mTRANSACTION (4.3ms)[0m  [1m[36mcommit transaction[0m
  [1m[36mActiveRecord::SchemaMigration Load (0.0ms)[0m  [1m[34mSELECT "schema_migrations"."version" FROM "schema_migrations" ORDER BY "schema_migrations"."version" ASC[0m
  [1m[36mActiveRecord::InternalMetadata Load (0.1ms)[0m  [1m[34mSELECT * FROM "ar_internal_metadata" WHERE "ar_internal_metadata"."key" = ? ORDER BY "ar_internal_metadata"."key" ASC LIMIT 1[0m  [[nil, "environment"]]
  [1m[36mActiveRecord::SchemaMigration Load (0.1ms)[0m  [1m[34mSELECT "schema_migrations"."version" FROM "schema_migrations" ORDER BY "schema_migrations"."version" ASC[0m
Migrating to CreateJoinTableEventsQuestions (20250121141509)
  [1m[36mTRANSACTION (0.0ms)[0m  [1m[36mbegin transaction[0m
  [1m[35m (1.7ms)[0m  [1m[35mCREATE TABLE "events_questions" ("event_id" integer NOT NULL, "question_id" integer NOT NULL)[0m
  [1m[35m (0.1ms)[0m  [1m[35mCREATE INDEX "index_events_questions_on_event_id" ON "events_questions" ("event_id")[0m
  [1m[35m (0.1ms)[0m  [1m[35mCREATE INDEX "index_events_questions_on_question_id" ON "events_questions" ("question_id")[0m
  [1m[36mActiveRecord::SchemaMigration Create (0.8ms)[0m  [1m[32mINSERT INTO "schema_migrations" ("version") VALUES ('20250121141509') RETURNING "version"[0m
  [1m[36mTRANSACTION (4.0ms)[0m  [1m[36mcommit transaction[0m
  [1m[36mActiveRecord::SchemaMigration Load (0.1ms)[0m  [1m[34mSELECT "schema_migrations"."version" FROM "schema_migrations" ORDER BY "schema_migrations"."version" ASC[0m
  [1m[36mActiveRecord::InternalMetadata Load (0.1ms)[0m  [1m[34mSELECT * FROM "ar_internal_metadata" WHERE "ar_internal_metadata"."key" = ? ORDER BY "ar_internal_metadata"."key" ASC LIMIT 1[0m  [[nil, "environment"]]
  [1m[36mActiveRecord::SchemaMigration Load (0.1ms)[0m  [1m[34mSELECT "schema_migrations"."version" FROM "schema_migrations" ORDER BY "schema_migrations"."version" ASC[0m
  [1m[36mActiveRecord::SchemaMigration Load (0.0ms)[0m  [1m[34mSELECT "schema_migrations"."version" FROM "schema_migrations" ORDER BY "schema_migrations"."version" ASC[0m
  [1m[36mActiveRecord::InternalMetadata Load (0.1ms)[0m  [1m[34mSELECT * FROM "ar_internal_metadata" WHERE "ar_internal_metadata"."key" = ? ORDER BY "ar_internal_metadata"."key" ASC LIMIT 1[0m  [[nil, "environment"]]
  [1m[36mActiveRecord::SchemaMigration Load (0.1ms)[0m  [1m[34mSELECT "schema_migrations"."version" FROM "schema_migrations" ORDER BY "schema_migrations"."version" ASC[0m
Migrating to CreateJoinTableEventsUsers (20250121144212)
  [1m[36mTRANSACTION (0.0ms)[0m  [1m[36mbegin transaction[0m
  [1m[35m (1.4ms)[0m  [1m[35mCREATE TABLE "events_users" ("event_id" integer NOT NULL, "user_id" integer NOT NULL)[0m
  [1m[35m (0.1ms)[0m  [1m[35mCREATE INDEX "index_events_users_on_event_id" ON "events_users" ("event_id")[0m
  [1m[35m (0.2ms)[0m  [1m[35mCREATE INDEX "index_events_users_on_user_id" ON "events_users" ("user_id")[0m
  [1m[36mActiveRecord::SchemaMigration Create (1.0ms)[0m  [1m[32mINSERT INTO "schema_migrations" ("version") VALUES ('20250121144212') RETURNING "version"[0m
  [1m[36mTRANSACTION (4.9ms)[0m  [1m[36mcommit transaction[0m
  [1m[36mActiveRecord::SchemaMigration Load (0.0ms)[0m  [1m[34mSELECT "schema_migrations"."version" FROM "schema_migrations" ORDER BY "schema_migrations"."version" ASC[0m
  [1m[36mActiveRecord::InternalMetadata Load (0.1ms)[0m  [1m[34mSELECT * FROM "ar_internal_metadata" WHERE "ar_internal_metadata"."key" = ? ORDER BY "ar_internal_metadata"."key" ASC LIMIT 1[0m  [[nil, "environment"]]
  [1m[36mActiveRecord::SchemaMigration Load (0.1ms)[0m  [1m[34mSELECT "schema_migrations"."version" FROM "schema_migrations" ORDER BY "schema_migrations"."version" ASC[0m
Migrating to AddUserIdToResponses (20250121150335)
  [1m[36mTRANSACTION (0.0ms)[0m  [1m[36mbegin transaction[0m
  [1m[35m (0.0ms)[0m  [1m[35mPRAGMA foreign_keys[0m
  [1m[35m (0.0ms)[0m  [1m[35mPRAGMA defer_foreign_keys[0m
  [1m[35m (0.0ms)[0m  [1m[35mPRAGMA defer_foreign_keys = ON[0m
  [1m[35m (0.0ms)[0m  [1m[35mPRAGMA foreign_keys = OFF[0m
  [1m[35m (0.3ms)[0m  [1m[35mCREATE TEMPORARY TABLE "aresponses" ("id" integer PRIMARY KEY AUTOINCREMENT NOT NULL, "created_at" datetime(6) NOT NULL, "updated_at" datetime(6) NOT NULL)[0m
  [1m[35m (0.1ms)[0m  [1m[32mINSERT INTO "aresponses" ("id","created_at","updated_at")
                     SELECT "id","created_at","updated_at" FROM "responses"[0m
  [1m[35m (0.2ms)[0m  [1m[35mDROP TABLE "responses"[0m
  [1m[35m (0.1ms)[0m  [1m[35mCREATE TABLE "responses" ("id" integer PRIMARY KEY AUTOINCREMENT NOT NULL, "created_at" datetime(6) NOT NULL, "updated_at" datetime(6) NOT NULL, "user_id" integer NOT NULL)[0m
  [1m[35m (0.1ms)[0m  [1m[32mINSERT INTO "responses" ("id","created_at","updated_at")
                     SELECT "id","created_at","updated_at" FROM "aresponses"[0m
  [1m[35m (0.2ms)[0m  [1m[35mDROP TABLE "aresponses"[0m
  [1m[35m (0.1ms)[0m  [1m[35mPRAGMA defer_foreign_keys = 0[0m
  [1m[35m (0.0ms)[0m  [1m[35mPRAGMA foreign_keys = 1[0m
  [1m[35m (0.1ms)[0m  [1m[35mCREATE INDEX "index_responses_on_user_id" ON "responses" ("user_id")[0m
  [1m[35m (0.0ms)[0m  [1m[35mPRAGMA foreign_keys[0m
  [1m[35m (0.0ms)[0m  [1m[35mPRAGMA defer_foreign_keys[0m
  [1m[35m (0.0ms)[0m  [1m[35mPRAGMA defer_foreign_keys = ON[0m
  [1m[35m (0.1ms)[0m  [1m[35mPRAGMA foreign_keys = OFF[0m
  [1m[35m (0.2ms)[0m  [1m[35mCREATE TEMPORARY TABLE "aresponses" ("id" integer PRIMARY KEY AUTOINCREMENT NOT NULL, "created_at" datetime(6) NOT NULL, "updated_at" datetime(6) NOT NULL, "user_id" integer NOT NULL)[0m
  [1m[35m (0.1ms)[0m  [1m[35mCREATE INDEX "tindex_aresponses_on_user_id" ON "aresponses" ("user_id")[0m
  [1m[35m (0.0ms)[0m  [1m[32mINSERT INTO "aresponses" ("id","created_at","updated_at","user_id")
                     SELECT "id","created_at","updated_at","user_id" FROM "responses"[0m
  [1m[35m (0.7ms)[0m  [1m[35mDROP TABLE "responses"[0m
  [1m[35m (0.1ms)[0m  [1m[35mCREATE TABLE "responses" ("id" integer PRIMARY KEY AUTOINCREMENT NOT NULL, "created_at" datetime(6) NOT NULL, "updated_at" datetime(6) NOT NULL, "user_id" integer NOT NULL, CONSTRAINT "fk_rails_2bd9a0753e"
FOREIGN KEY ("user_id")
  REFERENCES "users" ("id")
)[0m
  [1m[35m (0.1ms)[0m  [1m[35mCREATE INDEX "index_responses_on_user_id" ON "responses" ("user_id")[0m
  [1m[35m (0.0ms)[0m  [1m[32mINSERT INTO "responses" ("id","created_at","updated_at","user_id")
                     SELECT "id","created_at","updated_at","user_id" FROM "aresponses"[0m
  [1m[35m (0.1ms)[0m  [1m[35mDROP TABLE "aresponses"[0m
  [1m[35m (0.0ms)[0m  [1m[35mPRAGMA defer_foreign_keys = 0[0m
  [1m[35m (0.1ms)[0m  [1m[35mPRAGMA foreign_keys = 1[0m
  [1m[36mActiveRecord::SchemaMigration Create (0.2ms)[0m  [1m[32mINSERT INTO "schema_migrations" ("version") VALUES ('20250121150335') RETURNING "version"[0m
  [1m[36mTRANSACTION (7.0ms)[0m  [1m[36mcommit transaction[0m
  [1m[36mActiveRecord::SchemaMigration Load (0.1ms)[0m  [1m[34mSELECT "schema_migrations"."version" FROM "schema_migrations" ORDER BY "schema_migrations"."version" ASC[0m
  [1m[36mActiveRecord::InternalMetadata Load (0.1ms)[0m  [1m[34mSELECT * FROM "ar_internal_metadata" WHERE "ar_internal_metadata"."key" = ? ORDER BY "ar_internal_metadata"."key" ASC LIMIT 1[0m  [[nil, "environment"]]
  [1m[36mActiveRecord::SchemaMigration Load (0.1ms)[0m  [1m[34mSELECT "schema_migrations"."version" FROM "schema_migrations" ORDER BY "schema_migrations"."version" ASC[0m
Migrating to AddEventIdToResponses (20250121150544)
  [1m[36mTRANSACTION (0.1ms)[0m  [1m[36mbegin transaction[0m
  [1m[35m (0.0ms)[0m  [1m[35mPRAGMA foreign_keys[0m
  [1m[35m (0.0ms)[0m  [1m[35mPRAGMA defer_foreign_keys[0m
  [1m[35m (0.0ms)[0m  [1m[35mPRAGMA defer_foreign_keys = ON[0m
  [1m[35m (0.0ms)[0m  [1m[35mPRAGMA foreign_keys = OFF[0m
  [1m[35m (0.1ms)[0m  [1m[35mCREATE TEMPORARY TABLE "aresponses" ("id" integer PRIMARY KEY AUTOINCREMENT NOT NULL, "created_at" datetime(6) NOT NULL, "updated_at" datetime(6) NOT NULL, "user_id" integer NOT NULL)[0m
  [1m[35m (0.1ms)[0m  [1m[35mCREATE INDEX "tindex_aresponses_on_user_id" ON "aresponses" ("user_id")[0m
  [1m[35m (0.0ms)[0m  [1m[32mINSERT INTO "aresponses" ("id","created_at","updated_at","user_id")
                     SELECT "id","created_at","updated_at","user_id" FROM "responses"[0m
  [1m[35m (0.2ms)[0m  [1m[35mDROP TABLE "responses"[0m
  [1m[35m (0.1ms)[0m  [1m[35mCREATE TABLE "responses" ("id" integer PRIMARY KEY AUTOINCREMENT NOT NULL, "created_at" datetime(6) NOT NULL, "updated_at" datetime(6) NOT NULL, "user_id" integer NOT NULL, "event_id" integer NOT NULL, CONSTRAINT "fk_rails_2bd9a0753e"
FOREIGN KEY ("user_id")
  REFERENCES "users" ("id")
)[0m
  [1m[35m (0.1ms)[0m  [1m[35mCREATE INDEX "index_responses_on_user_id" ON "responses" ("user_id")[0m
  [1m[35m (0.0ms)[0m  [1m[32mINSERT INTO "responses" ("id","created_at","updated_at","user_id")
                     SELECT "id","created_at","updated_at","user_id" FROM "aresponses"[0m
  [1m[35m (0.1ms)[0m  [1m[35mDROP TABLE "aresponses"[0m
  [1m[35m (0.0ms)[0m  [1m[35mPRAGMA defer_foreign_keys = 0[0m
  [1m[35m (0.0ms)[0m  [1m[35mPRAGMA foreign_keys = 1[0m
  [1m[35m (0.1ms)[0m  [1m[35mCREATE INDEX "index_responses_on_event_id" ON "responses" ("event_id")[0m
  [1m[35m (0.2ms)[0m  [1m[35mPRAGMA foreign_keys[0m
  [1m[35m (0.2ms)[0m  [1m[35mPRAGMA defer_foreign_keys[0m
  [1m[35m (0.1ms)[0m  [1m[35mPRAGMA defer_foreign_keys = ON[0m
  [1m[35m (0.1ms)[0m  [1m[35mPRAGMA foreign_keys = OFF[0m
  [1m[35m (0.1ms)[0m  [1m[35mCREATE TEMPORARY TABLE "aresponses" ("id" integer PRIMARY KEY AUTOINCREMENT NOT NULL, "created_at" datetime(6) NOT NULL, "updated_at" datetime(6) NOT NULL, "user_id" integer NOT NULL, "event_id" integer NOT NULL)[0m
  [1m[35m (0.1ms)[0m  [1m[35mCREATE INDEX "tindex_aresponses_on_event_id" ON "aresponses" ("event_id")[0m
  [1m[35m (0.1ms)[0m  [1m[35mCREATE INDEX "tindex_aresponses_on_user_id" ON "aresponses" ("user_id")[0m
  [1m[35m (0.1ms)[0m  [1m[32mINSERT INTO "aresponses" ("id","created_at","updated_at","user_id","event_id")
                     SELECT "id","created_at","updated_at","user_id","event_id" FROM "responses"[0m
  [1m[35m (0.2ms)[0m  [1m[35mDROP TABLE "responses"[0m
  [1m[35m (0.1ms)[0m  [1m[35mCREATE TABLE "responses" ("id" integer PRIMARY KEY AUTOINCREMENT NOT NULL, "created_at" datetime(6) NOT NULL, "updated_at" datetime(6) NOT NULL, "user_id" integer NOT NULL, "event_id" integer NOT NULL, CONSTRAINT "fk_rails_2bd9a0753e"
FOREIGN KEY ("user_id")
  REFERENCES "users" ("id")
, CONSTRAINT "fk_rails_26f4d74572"
FOREIGN KEY ("event_id")
  REFERENCES "events" ("id")
)[0m
  [1m[35m (0.1ms)[0m  [1m[35mCREATE INDEX "index_responses_on_user_id" ON "responses" ("user_id")[0m
  [1m[35m (0.1ms)[0m  [1m[35mCREATE INDEX "index_responses_on_event_id" ON "responses" ("event_id")[0m
  [1m[35m (0.0ms)[0m  [1m[32mINSERT INTO "responses" ("id","created_at","updated_at","user_id","event_id")
                     SELECT "id","created_at","updated_at","user_id","event_id" FROM "aresponses"[0m
  [1m[35m (0.1ms)[0m  [1m[35mDROP TABLE "aresponses"[0m
  [1m[35m (0.0ms)[0m  [1m[35mPRAGMA defer_foreign_keys = 0[0m
  [1m[35m (0.0ms)[0m  [1m[35mPRAGMA foreign_keys = 1[0m
  [1m[36mActiveRecord::SchemaMigration Create (0.1ms)[0m  [1m[32mINSERT INTO "schema_migrations" ("version") VALUES ('20250121150544') RETURNING "version"[0m
  [1m[36mTRANSACTION (6.2ms)[0m  [1m[36mcommit transaction[0m
  [1m[36mActiveRecord::SchemaMigration Load (0.1ms)[0m  [1m[34mSELECT "schema_migrations"."version" FROM "schema_migrations" ORDER BY "schema_migrations"."version" ASC[0m
  [1m[36mActiveRecord::InternalMetadata Load (0.1ms)[0m  [1m[34mSELECT * FROM "ar_internal_metadata" WHERE "ar_internal_metadata"."key" = ? ORDER BY "ar_internal_metadata"."key" ASC LIMIT 1[0m  [[nil, "environment"]]
  [1m[36mActiveRecord::SchemaMigration Load (0.1ms)[0m  [1m[34mSELECT "schema_migrations"."version" FROM "schema_migrations" ORDER BY "schema_migrations"."version" ASC[0m
Migrating to AddQuestionIdToResponses (20250121150757)
  [1m[36mTRANSACTION (0.1ms)[0m  [1m[36mbegin transaction[0m
  [1m[35m (0.0ms)[0m  [1m[35mPRAGMA foreign_keys[0m
  [1m[35m (0.0ms)[0m  [1m[35mPRAGMA defer_foreign_keys[0m
  [1m[35m (0.0ms)[0m  [1m[35mPRAGMA defer_foreign_keys = ON[0m
  [1m[35m (0.0ms)[0m  [1m[35mPRAGMA foreign_keys = OFF[0m
  [1m[35m (0.1ms)[0m  [1m[35mCREATE TEMPORARY TABLE "aresponses" ("id" integer PRIMARY KEY AUTOINCREMENT NOT NULL, "created_at" datetime(6) NOT NULL, "updated_at" datetime(6) NOT NULL, "user_id" integer NOT NULL, "event_id" integer NOT NULL)[0m
  [1m[35m (0.1ms)[0m  [1m[35mCREATE INDEX "tindex_aresponses_on_event_id" ON "aresponses" ("event_id")[0m
  [1m[35m (0.1ms)[0m  [1m[35mCREATE INDEX "tindex_aresponses_on_user_id" ON "aresponses" ("user_id")[0m
  [1m[35m (0.1ms)[0m  [1m[32mINSERT INTO "aresponses" ("id","created_at","updated_at","user_id","event_id")
                     SELECT "id","created_at","updated_at","user_id","event_id" FROM "responses"[0m
  [1m[35m (0.4ms)[0m  [1m[35mDROP TABLE "responses"[0m
  [1m[35m (0.1ms)[0m  [1m[35mCREATE TABLE "responses" ("id" integer PRIMARY KEY AUTOINCREMENT NOT NULL, "created_at" datetime(6) NOT NULL, "updated_at" datetime(6) NOT NULL, "user_id" integer NOT NULL, "event_id" integer NOT NULL, "question_id" integer NOT NULL, CONSTRAINT "fk_rails_26f4d74572"
FOREIGN KEY ("event_id")
  REFERENCES "events" ("id")
, CONSTRAINT "fk_rails_2bd9a0753e"
FOREIGN KEY ("user_id")
  REFERENCES "users" ("id")
)[0m
  [1m[35m (0.1ms)[0m  [1m[35mCREATE INDEX "index_responses_on_user_id" ON "responses" ("user_id")[0m
  [1m[35m (0.0ms)[0m  [1m[35mCREATE INDEX "index_responses_on_event_id" ON "responses" ("event_id")[0m
  [1m[35m (0.1ms)[0m  [1m[32mINSERT INTO "responses" ("id","created_at","updated_at","user_id","event_id")
                     SELECT "id","created_at","updated_at","user_id","event_id" FROM "aresponses"[0m
  [1m[35m (0.5ms)[0m  [1m[35mDROP TABLE "aresponses"[0m
  [1m[35m (0.1ms)[0m  [1m[35mPRAGMA defer_foreign_keys = 0[0m
  [1m[35m (0.1ms)[0m  [1m[35mPRAGMA foreign_keys = 1[0m
  [1m[35m (0.1ms)[0m  [1m[35mCREATE INDEX "index_responses_on_question_id" ON "responses" ("question_id")[0m
  [1m[35m (0.0ms)[0m  [1m[35mPRAGMA foreign_keys[0m
  [1m[35m (0.0ms)[0m  [1m[35mPRAGMA defer_foreign_keys[0m
  [1m[35m (0.0ms)[0m  [1m[35mPRAGMA defer_foreign_keys = ON[0m
  [1m[35m (0.0ms)[0m  [1m[35mPRAGMA foreign_keys = OFF[0m
  [1m[35m (0.1ms)[0m  [1m[35mCREATE TEMPORARY TABLE "aresponses" ("id" integer PRIMARY KEY AUTOINCREMENT NOT NULL, "created_at" datetime(6) NOT NULL, "updated_at" datetime(6) NOT NULL, "user_id" integer NOT NULL, "event_id" integer NOT NULL, "question_id" integer NOT NULL)[0m
  [1m[35m (0.1ms)[0m  [1m[35mCREATE INDEX "tindex_aresponses_on_question_id" ON "aresponses" ("question_id")[0m
  [1m[35m (0.1ms)[0m  [1m[35mCREATE INDEX "tindex_aresponses_on_event_id" ON "aresponses" ("event_id")[0m
  [1m[35m (0.1ms)[0m  [1m[35mCREATE INDEX "tindex_aresponses_on_user_id" ON "aresponses" ("user_id")[0m
  [1m[35m (0.0ms)[0m  [1m[32mINSERT INTO "aresponses" ("id","created_at","updated_at","user_id","event_id","question_id")
                     SELECT "id","created_at","updated_at","user_id","event_id","question_id" FROM "responses"[0m
  [1m[35m (0.2ms)[0m  [1m[35mDROP TABLE "responses"[0m
  [1m[35m (0.1ms)[0m  [1m[35mCREATE TABLE "responses" ("id" integer PRIMARY KEY AUTOINCREMENT NOT NULL, "created_at" datetime(6) NOT NULL, "updated_at" datetime(6) NOT NULL, "user_id" integer NOT NULL, "event_id" integer NOT NULL, "question_id" integer NOT NULL, CONSTRAINT "fk_rails_2bd9a0753e"
FOREIGN KEY ("user_id")
  REFERENCES "users" ("id")
, CONSTRAINT "fk_rails_26f4d74572"
FOREIGN KEY ("event_id")
  REFERENCES "events" ("id")
, CONSTRAINT "fk_rails_325af149a3"
FOREIGN KEY ("question_id")
  REFERENCES "questions" ("id")
)[0m
  [1m[35m (0.1ms)[0m  [1m[35mCREATE INDEX "index_responses_on_user_id" ON "responses" ("user_id")[0m
  [1m[35m (0.1ms)[0m  [1m[35mCREATE INDEX "index_responses_on_event_id" ON "responses" ("event_id")[0m
  [1m[35m (0.0ms)[0m  [1m[35mCREATE INDEX "index_responses_on_question_id" ON "responses" ("question_id")[0m
  [1m[35m (0.1ms)[0m  [1m[32mINSERT INTO "responses" ("id","created_at","updated_at","user_id","event_id","question_id")
                     SELECT "id","created_at","updated_at","user_id","event_id","question_id" FROM "aresponses"[0m
  [1m[35m (0.1ms)[0m  [1m[35mDROP TABLE "aresponses"[0m
  [1m[35m (0.0ms)[0m  [1m[35mPRAGMA defer_foreign_keys = 0[0m
  [1m[35m (0.0ms)[0m  [1m[35mPRAGMA foreign_keys = 1[0m
  [1m[36mActiveRecord::SchemaMigration Create (0.0ms)[0m  [1m[32mINSERT INTO "schema_migrations" ("version") VALUES ('20250121150757') RETURNING "version"[0m
  [1m[36mTRANSACTION (7.3ms)[0m  [1m[36mcommit transaction[0m
  [1m[36mActiveRecord::SchemaMigration Load (0.1ms)[0m  [1m[34mSELECT "schema_migrations"."version" FROM "schema_migrations" ORDER BY "schema_migrations"."version" ASC[0m
DEPRECATION WARNING: Defining enums with keyword arguments is deprecated and will be removed
in Rails 8.0. Positional arguments should be used instead:

enum :type, {:text=>0, :multiple_choice=>1}
 (called from <class:Question> at /home/laurapg1214/impact-project/obwob-pilot/app/models/question.rb:4)
DEPRECATION WARNING: Defining enums with keyword arguments is deprecated and will be removed
in Rails 8.0. Positional arguments should be used instead:

enum :role, {:participant=>0, :facilitator=>1}
 (called from <class:User> at /home/laurapg1214/impact-project/obwob-pilot/app/models/user.rb:4)
  [1m[36mActiveRecord::InternalMetadata Load (0.6ms)[0m  [1m[34mSELECT * FROM "ar_internal_metadata" WHERE "ar_internal_metadata"."key" = ? ORDER BY "ar_internal_metadata"."key" ASC LIMIT 1[0m  [[nil, "environment"]]
  [1m[36mActiveRecord::SchemaMigration Load (0.1ms)[0m  [1m[34mSELECT "schema_migrations"."version" FROM "schema_migrations" ORDER BY "schema_migrations"."version" ASC[0m
Migrating to AddContentToResponses (20250121151831)
  [1m[36mTRANSACTION (0.0ms)[0m  [1m[36mbegin transaction[0m
  [1m[35m (1.0ms)[0m  [1m[35mALTER TABLE "responses" ADD "content" varchar[0m
  [1m[36mActiveRecord::SchemaMigration Create (0.1ms)[0m  [1m[32mINSERT INTO "schema_migrations" ("version") VALUES ('20250121151831') RETURNING "version"[0m
  [1m[36mTRANSACTION (4.0ms)[0m  [1m[36mcommit transaction[0m
  [1m[36mActiveRecord::SchemaMigration Load (0.0ms)[0m  [1m[34mSELECT "schema_migrations"."version" FROM "schema_migrations" ORDER BY "schema_migrations"."version" ASC[0m
  [1m[36mActiveRecord::InternalMetadata Load (0.8ms)[0m  [1m[34mSELECT * FROM "ar_internal_metadata" WHERE "ar_internal_metadata"."key" = ? ORDER BY "ar_internal_metadata"."key" ASC LIMIT 1[0m  [[nil, "environment"]]
  [1m[36mActiveRecord::SchemaMigration Load (0.1ms)[0m  [1m[34mSELECT "schema_migrations"."version" FROM "schema_migrations" ORDER BY "schema_migrations"."version" ASC[0m
Migrating to AddDetailsToEvents (20250121152122)
  [1m[36mTRANSACTION (0.0ms)[0m  [1m[36mbegin transaction[0m
  [1m[35m (3.1ms)[0m  [1m[35mALTER TABLE "events" ADD "name" varchar[0m
  [1m[35m (0.9ms)[0m  [1m[35mALTER TABLE "events" ADD "date" date[0m
  [1m[35m (0.3ms)[0m  [1m[35mALTER TABLE "events" ADD "time" time[0m
  [1m[36mActiveRecord::SchemaMigration Create (0.8ms)[0m  [1m[32mINSERT INTO "schema_migrations" ("version") VALUES ('20250121152122') RETURNING "version"[0m
  [1m[36mTRANSACTION (11.2ms)[0m  [1m[36mcommit transaction[0m
  [1m[36mActiveRecord::SchemaMigration Load (0.1ms)[0m  [1m[34mSELECT "schema_migrations"."version" FROM "schema_migrations" ORDER BY "schema_migrations"."version" ASC[0m
DEPRECATION WARNING: `to_time` will always preserve the full timezone rather than offset of the receiver in Rails 8.1. To opt in to the new behavior, set `config.active_support.to_time_preserves_timezone = :zone`. (called from <main> at /home/laurapg1214/impact-project/obwob-pilot/config/environment.rb:5)
DEPRECATION WARNING: `to_time` will always preserve the full timezone rather than offset of the receiver in Rails 8.1. To opt in to the new behavior, set `config.active_support.to_time_preserves_timezone = :zone`. (called from <main> at /home/laurapg1214/impact-project/obwob-pilot/config/environment.rb:5)
Started GET "/" for 127.0.0.1 at 2025-01-24 11:31:57 +0000
  [1m[36mActiveRecord::SchemaMigration Load (0.1ms)[0m  [1m[34mSELECT "schema_migrations"."version" FROM "schema_migrations" ORDER BY "schema_migrations"."version" ASC[0m
  
ActionController::RoutingError (uninitialized constant EventsController)
Caused by: ActionDispatch::MissingController (uninitialized constant EventsController)
Caused by: NameError (uninitialized constant EventsController)

Information for: ActionController::RoutingError (uninitialized constant EventsController):
  

Information for cause: ActionDispatch::MissingController (uninitialized constant EventsController):
  
actionpack (8.0.1) lib/action_dispatch/http/request.rb:102:in `rescue in controller_class_for'
actionpack (8.0.1) lib/action_dispatch/http/request.rb:98:in `controller_class_for'
actionpack (8.0.1) lib/action_dispatch/http/request.rb:91:in `controller_class'
actionpack (8.0.1) lib/action_dispatch/routing/route_set.rb:61:in `controller'
actionpack (8.0.1) lib/action_dispatch/routing/route_set.rb:48:in `serve'
actionpack (8.0.1) lib/action_dispatch/journey/router.rb:53:in `block in serve'
actionpack (8.0.1) lib/action_dispatch/journey/router.rb:133:in `block in find_routes'
actionpack (8.0.1) lib/action_dispatch/journey/router.rb:126:in `each'
actionpack (8.0.1) lib/action_dispatch/journey/router.rb:126:in `find_routes'
actionpack (8.0.1) lib/action_dispatch/journey/router.rb:34:in `serve'
actionpack (8.0.1) lib/action_dispatch/routing/route_set.rb:908:in `call'
railties (8.0.1) lib/rails/engine/lazy_route_set.rb:68:in `call'
rack (3.1.8) lib/rack/tempfile_reaper.rb:20:in `call'
rack (3.1.8) lib/rack/etag.rb:29:in `call'
rack (3.1.8) lib/rack/conditional_get.rb:31:in `call'
rack (3.1.8) lib/rack/head.rb:15:in `call'
actionpack (8.0.1) lib/action_dispatch/http/permissions_policy.rb:38:in `call'
actionpack (8.0.1) lib/action_dispatch/http/content_security_policy.rb:38:in `call'
rack-session (2.1.0) lib/rack/session/abstract/id.rb:274:in `context'
rack-session (2.1.0) lib/rack/session/abstract/id.rb:268:in `call'
actionpack (8.0.1) lib/action_dispatch/middleware/cookies.rb:706:in `call'
activerecord (8.0.1) lib/active_record/migration.rb:671:in `call'
actionpack (8.0.1) lib/action_dispatch/middleware/callbacks.rb:31:in `block in call'
activesupport (8.0.1) lib/active_support/callbacks.rb:100:in `run_callbacks'
actionpack (8.0.1) lib/action_dispatch/middleware/callbacks.rb:30:in `call'
actionpack (8.0.1) lib/action_dispatch/middleware/executor.rb:16:in `call'
actionpack (8.0.1) lib/action_dispatch/middleware/actionable_exceptions.rb:18:in `call'
actionpack (8.0.1) lib/action_dispatch/middleware/debug_exceptions.rb:31:in `call'
web-console (4.2.1) lib/web_console/middleware.rb:132:in `call_app'
web-console (4.2.1) lib/web_console/middleware.rb:28:in `block in call'
web-console (4.2.1) lib/web_console/middleware.rb:17:in `catch'
web-console (4.2.1) lib/web_console/middleware.rb:17:in `call'
actionpack (8.0.1) lib/action_dispatch/middleware/show_exceptions.rb:32:in `call'
railties (8.0.1) lib/rails/rack/logger.rb:41:in `call_app'
railties (8.0.1) lib/rails/rack/logger.rb:29:in `call'
sprockets-rails (3.5.2) lib/sprockets/rails/quiet_assets.rb:17:in `call'
actionpack (8.0.1) lib/action_dispatch/middleware/remote_ip.rb:96:in `call'
actionpack (8.0.1) lib/action_dispatch/middleware/request_id.rb:34:in `call'
rack (3.1.8) lib/rack/method_override.rb:28:in `call'
rack (3.1.8) lib/rack/runtime.rb:24:in `call'
activesupport (8.0.1) lib/active_support/cache/strategy/local_cache_middleware.rb:29:in `call'
actionpack (8.0.1) lib/action_dispatch/middleware/server_timing.rb:61:in `block in call'
actionpack (8.0.1) lib/action_dispatch/middleware/server_timing.rb:26:in `collect_events'
actionpack (8.0.1) lib/action_dispatch/middleware/server_timing.rb:60:in `call'
actionpack (8.0.1) lib/action_dispatch/middleware/executor.rb:16:in `call'
actionpack (8.0.1) lib/action_dispatch/middleware/static.rb:27:in `call'
rack (3.1.8) lib/rack/sendfile.rb:114:in `call'
actionpack (8.0.1) lib/action_dispatch/middleware/host_authorization.rb:143:in `call'
railties (8.0.1) lib/rails/engine.rb:535:in `call'
puma (6.5.0) lib/puma/configuration.rb:279:in `call'
puma (6.5.0) lib/puma/request.rb:99:in `block in handle_request'
puma (6.5.0) lib/puma/thread_pool.rb:389:in `with_force_shutdown'
puma (6.5.0) lib/puma/request.rb:98:in `handle_request'
puma (6.5.0) lib/puma/server.rb:468:in `process_client'
puma (6.5.0) lib/puma/server.rb:249:in `block in run'
puma (6.5.0) lib/puma/thread_pool.rb:166:in `block in spawn_thread'

Information for cause: NameError (uninitialized constant EventsController):
  
activesupport (8.0.1) lib/active_support/inflector/methods.rb:290:in `const_get'
activesupport (8.0.1) lib/active_support/inflector/methods.rb:290:in `constantize'
activesupport (8.0.1) lib/active_support/core_ext/string/inflections.rb:74:in `constantize'
actionpack (8.0.1) lib/action_dispatch/http/request.rb:99:in `controller_class_for'
actionpack (8.0.1) lib/action_dispatch/http/request.rb:91:in `controller_class'
actionpack (8.0.1) lib/action_dispatch/routing/route_set.rb:61:in `controller'
actionpack (8.0.1) lib/action_dispatch/routing/route_set.rb:48:in `serve'
actionpack (8.0.1) lib/action_dispatch/journey/router.rb:53:in `block in serve'
actionpack (8.0.1) lib/action_dispatch/journey/router.rb:133:in `block in find_routes'
actionpack (8.0.1) lib/action_dispatch/journey/router.rb:126:in `each'
actionpack (8.0.1) lib/action_dispatch/journey/router.rb:126:in `find_routes'
actionpack (8.0.1) lib/action_dispatch/journey/router.rb:34:in `serve'
actionpack (8.0.1) lib/action_dispatch/routing/route_set.rb:908:in `call'
railties (8.0.1) lib/rails/engine/lazy_route_set.rb:68:in `call'
rack (3.1.8) lib/rack/tempfile_reaper.rb:20:in `call'
rack (3.1.8) lib/rack/etag.rb:29:in `call'
rack (3.1.8) lib/rack/conditional_get.rb:31:in `call'
rack (3.1.8) lib/rack/head.rb:15:in `call'
actionpack (8.0.1) lib/action_dispatch/http/permissions_policy.rb:38:in `call'
actionpack (8.0.1) lib/action_dispatch/http/content_security_policy.rb:38:in `call'
rack-session (2.1.0) lib/rack/session/abstract/id.rb:274:in `context'
rack-session (2.1.0) lib/rack/session/abstract/id.rb:268:in `call'
actionpack (8.0.1) lib/action_dispatch/middleware/cookies.rb:706:in `call'
activerecord (8.0.1) lib/active_record/migration.rb:671:in `call'
actionpack (8.0.1) lib/action_dispatch/middleware/callbacks.rb:31:in `block in call'
activesupport (8.0.1) lib/active_support/callbacks.rb:100:in `run_callbacks'
actionpack (8.0.1) lib/action_dispatch/middleware/callbacks.rb:30:in `call'
actionpack (8.0.1) lib/action_dispatch/middleware/executor.rb:16:in `call'
actionpack (8.0.1) lib/action_dispatch/middleware/actionable_exceptions.rb:18:in `call'
actionpack (8.0.1) lib/action_dispatch/middleware/debug_exceptions.rb:31:in `call'
web-console (4.2.1) lib/web_console/middleware.rb:132:in `call_app'
web-console (4.2.1) lib/web_console/middleware.rb:28:in `block in call'
web-console (4.2.1) lib/web_console/middleware.rb:17:in `catch'
web-console (4.2.1) lib/web_console/middleware.rb:17:in `call'
actionpack (8.0.1) lib/action_dispatch/middleware/show_exceptions.rb:32:in `call'
railties (8.0.1) lib/rails/rack/logger.rb:41:in `call_app'
railties (8.0.1) lib/rails/rack/logger.rb:29:in `call'
sprockets-rails (3.5.2) lib/sprockets/rails/quiet_assets.rb:17:in `call'
actionpack (8.0.1) lib/action_dispatch/middleware/remote_ip.rb:96:in `call'
actionpack (8.0.1) lib/action_dispatch/middleware/request_id.rb:34:in `call'
rack (3.1.8) lib/rack/method_override.rb:28:in `call'
rack (3.1.8) lib/rack/runtime.rb:24:in `call'
activesupport (8.0.1) lib/active_support/cache/strategy/local_cache_middleware.rb:29:in `call'
actionpack (8.0.1) lib/action_dispatch/middleware/server_timing.rb:61:in `block in call'
actionpack (8.0.1) lib/action_dispatch/middleware/server_timing.rb:26:in `collect_events'
actionpack (8.0.1) lib/action_dispatch/middleware/server_timing.rb:60:in `call'
actionpack (8.0.1) lib/action_dispatch/middleware/executor.rb:16:in `call'
actionpack (8.0.1) lib/action_dispatch/middleware/static.rb:27:in `call'
rack (3.1.8) lib/rack/sendfile.rb:114:in `call'
actionpack (8.0.1) lib/action_dispatch/middleware/host_authorization.rb:143:in `call'
railties (8.0.1) lib/rails/engine.rb:535:in `call'
puma (6.5.0) lib/puma/configuration.rb:279:in `call'
puma (6.5.0) lib/puma/request.rb:99:in `block in handle_request'
puma (6.5.0) lib/puma/thread_pool.rb:389:in `with_force_shutdown'
puma (6.5.0) lib/puma/request.rb:98:in `handle_request'
puma (6.5.0) lib/puma/server.rb:468:in `process_client'
puma (6.5.0) lib/puma/server.rb:249:in `block in run'
puma (6.5.0) lib/puma/thread_pool.rb:166:in `block in spawn_thread'
Started GET "/favicon.ico" for 127.0.0.1 at 2025-01-24 11:31:57 +0000
Redirected to http://127.0.0.1:3000/
Completed 301 Moved Permanently in 0ms


Started GET "/" for 127.0.0.1 at 2025-01-24 11:31:57 +0000
  
ActionController::RoutingError (uninitialized constant EventsController)
Caused by: ActionDispatch::MissingController (uninitialized constant EventsController)
Caused by: NameError (uninitialized constant EventsController)

Information for: ActionController::RoutingError (uninitialized constant EventsController):
  

Information for cause: ActionDispatch::MissingController (uninitialized constant EventsController):
  
actionpack (8.0.1) lib/action_dispatch/http/request.rb:102:in `rescue in controller_class_for'
actionpack (8.0.1) lib/action_dispatch/http/request.rb:98:in `controller_class_for'
actionpack (8.0.1) lib/action_dispatch/http/request.rb:91:in `controller_class'
actionpack (8.0.1) lib/action_dispatch/routing/route_set.rb:61:in `controller'
actionpack (8.0.1) lib/action_dispatch/routing/route_set.rb:48:in `serve'
actionpack (8.0.1) lib/action_dispatch/journey/router.rb:53:in `block in serve'
actionpack (8.0.1) lib/action_dispatch/journey/router.rb:133:in `block in find_routes'
actionpack (8.0.1) lib/action_dispatch/journey/router.rb:126:in `each'
actionpack (8.0.1) lib/action_dispatch/journey/router.rb:126:in `find_routes'
actionpack (8.0.1) lib/action_dispatch/journey/router.rb:34:in `serve'
actionpack (8.0.1) lib/action_dispatch/routing/route_set.rb:908:in `call'
railties (8.0.1) lib/rails/engine/lazy_route_set.rb:68:in `call'
rack (3.1.8) lib/rack/tempfile_reaper.rb:20:in `call'
rack (3.1.8) lib/rack/etag.rb:29:in `call'
rack (3.1.8) lib/rack/conditional_get.rb:31:in `call'
rack (3.1.8) lib/rack/head.rb:15:in `call'
actionpack (8.0.1) lib/action_dispatch/http/permissions_policy.rb:38:in `call'
actionpack (8.0.1) lib/action_dispatch/http/content_security_policy.rb:38:in `call'
rack-session (2.1.0) lib/rack/session/abstract/id.rb:274:in `context'
rack-session (2.1.0) lib/rack/session/abstract/id.rb:268:in `call'
actionpack (8.0.1) lib/action_dispatch/middleware/cookies.rb:706:in `call'
activerecord (8.0.1) lib/active_record/migration.rb:671:in `call'
actionpack (8.0.1) lib/action_dispatch/middleware/callbacks.rb:31:in `block in call'
activesupport (8.0.1) lib/active_support/callbacks.rb:100:in `run_callbacks'
actionpack (8.0.1) lib/action_dispatch/middleware/callbacks.rb:30:in `call'
actionpack (8.0.1) lib/action_dispatch/middleware/executor.rb:16:in `call'
actionpack (8.0.1) lib/action_dispatch/middleware/actionable_exceptions.rb:18:in `call'
actionpack (8.0.1) lib/action_dispatch/middleware/debug_exceptions.rb:31:in `call'
web-console (4.2.1) lib/web_console/middleware.rb:132:in `call_app'
web-console (4.2.1) lib/web_console/middleware.rb:28:in `block in call'
web-console (4.2.1) lib/web_console/middleware.rb:17:in `catch'
web-console (4.2.1) lib/web_console/middleware.rb:17:in `call'
actionpack (8.0.1) lib/action_dispatch/middleware/show_exceptions.rb:32:in `call'
railties (8.0.1) lib/rails/rack/logger.rb:41:in `call_app'
railties (8.0.1) lib/rails/rack/logger.rb:29:in `call'
sprockets-rails (3.5.2) lib/sprockets/rails/quiet_assets.rb:17:in `call'
actionpack (8.0.1) lib/action_dispatch/middleware/remote_ip.rb:96:in `call'
actionpack (8.0.1) lib/action_dispatch/middleware/request_id.rb:34:in `call'
rack (3.1.8) lib/rack/method_override.rb:28:in `call'
rack (3.1.8) lib/rack/runtime.rb:24:in `call'
activesupport (8.0.1) lib/active_support/cache/strategy/local_cache_middleware.rb:29:in `call'
actionpack (8.0.1) lib/action_dispatch/middleware/server_timing.rb:61:in `block in call'
actionpack (8.0.1) lib/action_dispatch/middleware/server_timing.rb:26:in `collect_events'
actionpack (8.0.1) lib/action_dispatch/middleware/server_timing.rb:60:in `call'
actionpack (8.0.1) lib/action_dispatch/middleware/executor.rb:16:in `call'
actionpack (8.0.1) lib/action_dispatch/middleware/static.rb:27:in `call'
rack (3.1.8) lib/rack/sendfile.rb:114:in `call'
actionpack (8.0.1) lib/action_dispatch/middleware/host_authorization.rb:143:in `call'
railties (8.0.1) lib/rails/engine.rb:535:in `call'
puma (6.5.0) lib/puma/configuration.rb:279:in `call'
puma (6.5.0) lib/puma/request.rb:99:in `block in handle_request'
puma (6.5.0) lib/puma/thread_pool.rb:389:in `with_force_shutdown'
puma (6.5.0) lib/puma/request.rb:98:in `handle_request'
puma (6.5.0) lib/puma/server.rb:468:in `process_client'
puma (6.5.0) lib/puma/server.rb:249:in `block in run'
puma (6.5.0) lib/puma/thread_pool.rb:166:in `block in spawn_thread'

Information for cause: NameError (uninitialized constant EventsController):
  
activesupport (8.0.1) lib/active_support/inflector/methods.rb:290:in `const_get'
activesupport (8.0.1) lib/active_support/inflector/methods.rb:290:in `constantize'
activesupport (8.0.1) lib/active_support/core_ext/string/inflections.rb:74:in `constantize'
actionpack (8.0.1) lib/action_dispatch/http/request.rb:99:in `controller_class_for'
actionpack (8.0.1) lib/action_dispatch/http/request.rb:91:in `controller_class'
actionpack (8.0.1) lib/action_dispatch/routing/route_set.rb:61:in `controller'
actionpack (8.0.1) lib/action_dispatch/routing/route_set.rb:48:in `serve'
actionpack (8.0.1) lib/action_dispatch/journey/router.rb:53:in `block in serve'
actionpack (8.0.1) lib/action_dispatch/journey/router.rb:133:in `block in find_routes'
actionpack (8.0.1) lib/action_dispatch/journey/router.rb:126:in `each'
actionpack (8.0.1) lib/action_dispatch/journey/router.rb:126:in `find_routes'
actionpack (8.0.1) lib/action_dispatch/journey/router.rb:34:in `serve'
actionpack (8.0.1) lib/action_dispatch/routing/route_set.rb:908:in `call'
railties (8.0.1) lib/rails/engine/lazy_route_set.rb:68:in `call'
rack (3.1.8) lib/rack/tempfile_reaper.rb:20:in `call'
rack (3.1.8) lib/rack/etag.rb:29:in `call'
rack (3.1.8) lib/rack/conditional_get.rb:31:in `call'
rack (3.1.8) lib/rack/head.rb:15:in `call'
actionpack (8.0.1) lib/action_dispatch/http/permissions_policy.rb:38:in `call'
actionpack (8.0.1) lib/action_dispatch/http/content_security_policy.rb:38:in `call'
rack-session (2.1.0) lib/rack/session/abstract/id.rb:274:in `context'
rack-session (2.1.0) lib/rack/session/abstract/id.rb:268:in `call'
actionpack (8.0.1) lib/action_dispatch/middleware/cookies.rb:706:in `call'
activerecord (8.0.1) lib/active_record/migration.rb:671:in `call'
actionpack (8.0.1) lib/action_dispatch/middleware/callbacks.rb:31:in `block in call'
activesupport (8.0.1) lib/active_support/callbacks.rb:100:in `run_callbacks'
actionpack (8.0.1) lib/action_dispatch/middleware/callbacks.rb:30:in `call'
actionpack (8.0.1) lib/action_dispatch/middleware/executor.rb:16:in `call'
actionpack (8.0.1) lib/action_dispatch/middleware/actionable_exceptions.rb:18:in `call'
actionpack (8.0.1) lib/action_dispatch/middleware/debug_exceptions.rb:31:in `call'
web-console (4.2.1) lib/web_console/middleware.rb:132:in `call_app'
web-console (4.2.1) lib/web_console/middleware.rb:28:in `block in call'
web-console (4.2.1) lib/web_console/middleware.rb:17:in `catch'
web-console (4.2.1) lib/web_console/middleware.rb:17:in `call'
actionpack (8.0.1) lib/action_dispatch/middleware/show_exceptions.rb:32:in `call'
railties (8.0.1) lib/rails/rack/logger.rb:41:in `call_app'
railties (8.0.1) lib/rails/rack/logger.rb:29:in `call'
sprockets-rails (3.5.2) lib/sprockets/rails/quiet_assets.rb:17:in `call'
actionpack (8.0.1) lib/action_dispatch/middleware/remote_ip.rb:96:in `call'
actionpack (8.0.1) lib/action_dispatch/middleware/request_id.rb:34:in `call'
rack (3.1.8) lib/rack/method_override.rb:28:in `call'
rack (3.1.8) lib/rack/runtime.rb:24:in `call'
activesupport (8.0.1) lib/active_support/cache/strategy/local_cache_middleware.rb:29:in `call'
actionpack (8.0.1) lib/action_dispatch/middleware/server_timing.rb:61:in `block in call'
actionpack (8.0.1) lib/action_dispatch/middleware/server_timing.rb:26:in `collect_events'
actionpack (8.0.1) lib/action_dispatch/middleware/server_timing.rb:60:in `call'
actionpack (8.0.1) lib/action_dispatch/middleware/executor.rb:16:in `call'
actionpack (8.0.1) lib/action_dispatch/middleware/static.rb:27:in `call'
rack (3.1.8) lib/rack/sendfile.rb:114:in `call'
actionpack (8.0.1) lib/action_dispatch/middleware/host_authorization.rb:143:in `call'
railties (8.0.1) lib/rails/engine.rb:535:in `call'
puma (6.5.0) lib/puma/configuration.rb:279:in `call'
puma (6.5.0) lib/puma/request.rb:99:in `block in handle_request'
puma (6.5.0) lib/puma/thread_pool.rb:389:in `with_force_shutdown'
puma (6.5.0) lib/puma/request.rb:98:in `handle_request'
puma (6.5.0) lib/puma/server.rb:468:in `process_client'
puma (6.5.0) lib/puma/server.rb:249:in `block in run'
puma (6.5.0) lib/puma/thread_pool.rb:166:in `block in spawn_thread'
DEPRECATION WARNING: `to_time` will always preserve the full timezone rather than offset of the receiver in Rails 8.1. To opt in to the new behavior, set `config.active_support.to_time_preserves_timezone = :zone`. (called from <main> at /home/laurapg1214/impact-project/obwob-pilot/config/environment.rb:5)
DEPRECATION WARNING: `to_time` will always preserve the full timezone rather than offset of the receiver in Rails 8.1. To opt in to the new behavior, set `config.active_support.to_time_preserves_timezone = :zone`. (called from <main> at /home/laurapg1214/impact-project/obwob-pilot/config/environment.rb:5)
DEPRECATION WARNING: `to_time` will always preserve the full timezone rather than offset of the receiver in Rails 8.1. To opt in to the new behavior, set `config.active_support.to_time_preserves_timezone = :zone`. (called from <main> at /home/laurapg1214/impact-project/obwob-pilot/config/environment.rb:5)
DEPRECATION WARNING: `to_time` will always preserve the full timezone rather than offset of the receiver in Rails 8.1. To opt in to the new behavior, set `config.active_support.to_time_preserves_timezone = :zone`. (called from <main> at /home/laurapg1214/impact-project/obwob-pilot/config/environment.rb:5)
DEPRECATION WARNING: `to_time` will always preserve the full timezone rather than offset of the receiver in Rails 8.1. To opt in to the new behavior, set `config.active_support.to_time_preserves_timezone = :zone`. (called from <main> at /home/laurapg1214/impact-project/obwob-pilot/config/environment.rb:5)
DEPRECATION WARNING: `to_time` will always preserve the full timezone rather than offset of the receiver in Rails 8.1. To opt in to the new behavior, set `config.active_support.to_time_preserves_timezone = :zone`. (called from <main> at /home/laurapg1214/impact-project/obwob-pilot/config/environment.rb:5)
DEPRECATION WARNING: `to_time` will always preserve the full timezone rather than offset of the receiver in Rails 8.1. To opt in to the new behavior, set `config.active_support.to_time_preserves_timezone = :zone`. (called from <main> at /home/laurapg1214/impact-project/obwob-pilot/config/environment.rb:5)
DEPRECATION WARNING: `to_time` will always preserve the full timezone rather than offset of the receiver in Rails 8.1. To opt in to the new behavior, set `config.active_support.to_time_preserves_timezone = :zone`. (called from <main> at /home/laurapg1214/impact-project/obwob-pilot/config/environment.rb:5)
DEPRECATION WARNING: `to_time` will always preserve the full timezone rather than offset of the receiver in Rails 8.1. To opt in to the new behavior, set `config.active_support.to_time_preserves_timezone = :zone`. (called from <main> at /home/laurapg1214/impact-project/obwob-pilot/config/environment.rb:5)
DEPRECATION WARNING: `to_time` will always preserve the full timezone rather than offset of the receiver in Rails 8.1. To opt in to the new behavior, set `config.active_support.to_time_preserves_timezone = :zone`. (called from <main> at /home/laurapg1214/impact-project/obwob-pilot/config/environment.rb:5)
  [1m[36mActiveRecord::InternalMetadata Load (1.0ms)[0m  [1m[34mSELECT * FROM "ar_internal_metadata" WHERE "ar_internal_metadata"."key" = ? ORDER BY "ar_internal_metadata"."key" ASC LIMIT 1[0m  [[nil, "environment"]]
  [1m[36mActiveRecord::SchemaMigration Load (0.2ms)[0m  [1m[34mSELECT "schema_migrations"."version" FROM "schema_migrations" ORDER BY "schema_migrations"."version" ASC[0m
Migrating to AddDefaultToEvents (20250124120313)
  [1m[36mTRANSACTION (0.1ms)[0m  [1m[36mBEGIN immediate TRANSACTION[0m
  [1m[35m (7.7ms)[0m  [1m[35mALTER TABLE "events" ADD "default" boolean DEFAULT 0[0m
  [1m[36mActiveRecord::SchemaMigration Create (2.3ms)[0m  [1m[32mINSERT INTO "schema_migrations" ("version") VALUES ('20250124120313') RETURNING "version"[0m
  [1m[36mTRANSACTION (7.2ms)[0m  [1m[36mCOMMIT TRANSACTION[0m
Migrating to AddDefaultToQuestions (20250124120327)
  [1m[36mTRANSACTION (0.1ms)[0m  [1m[36mBEGIN immediate TRANSACTION[0m
  [1m[35m (1.5ms)[0m  [1m[35mALTER TABLE "questions" ADD "default" boolean DEFAULT 0[0m
  [1m[36mActiveRecord::SchemaMigration Create (0.1ms)[0m  [1m[32mINSERT INTO "schema_migrations" ("version") VALUES ('20250124120327') RETURNING "version"[0m
  [1m[36mTRANSACTION (0.1ms)[0m  [1m[36mCOMMIT TRANSACTION[0m
Migrating to AddDefaultToResponses (20250124120344)
  [1m[36mTRANSACTION (0.0ms)[0m  [1m[36mBEGIN immediate TRANSACTION[0m
  [1m[35m (0.8ms)[0m  [1m[35mALTER TABLE "responses" ADD "default" boolean DEFAULT 0[0m
  [1m[36mActiveRecord::SchemaMigration Create (0.1ms)[0m  [1m[32mINSERT INTO "schema_migrations" ("version") VALUES ('20250124120344') RETURNING "version"[0m
  [1m[36mTRANSACTION (0.1ms)[0m  [1m[36mCOMMIT TRANSACTION[0m
Migrating to AddDefaultToUsers (20250124120629)
  [1m[36mTRANSACTION (0.0ms)[0m  [1m[36mBEGIN immediate TRANSACTION[0m
  [1m[35m (0.9ms)[0m  [1m[35mALTER TABLE "users" ADD "default" boolean DEFAULT 0[0m
  [1m[36mActiveRecord::SchemaMigration Create (0.1ms)[0m  [1m[32mINSERT INTO "schema_migrations" ("version") VALUES ('20250124120629') RETURNING "version"[0m
  [1m[36mTRANSACTION (0.1ms)[0m  [1m[36mCOMMIT TRANSACTION[0m
  [1m[36mActiveRecord::SchemaMigration Load (0.1ms)[0m  [1m[34mSELECT "schema_migrations"."version" FROM "schema_migrations" ORDER BY "schema_migrations"."version" ASC[0m
